<?xml version="1.0" encoding="UTF-8"?>
<!-- Generated by org.testng.reporters.JUnitReportReporter -->
<testsuite hostname="LIN-5CG12008XT" failures="0" tests="1" name="TestRunner.TestRunner" time="41.230" errors="0" timestamp="2024-04-17T22:07:46 IST" skipped="0">
  <testcase classname="TestRunner.TestRunner" name="runScenario" time="41.230"/>
</testsuite> <!-- TestRunner.TestRunner -->
